<?xml version="1.0" encoding="UTF-8"?>
<testExecutions version="1">
  <file path="/home/bhavS/Blinkist App/blinkist-app/src/components/molecules/TimeToRead/TimeToRead.test.tsx">
    <testCase name="Molecules/TimeToRead render component" duration="56"/>
  </file>
  <file path="/home/bhavS/Blinkist App/blinkist-app/src/components/molecules/ExtendedNav/ExtendedNav.test.tsx">
    <testCase name="Molecules/ExtendedNav are 18 labels rendering" duration="299"/>
  </file>
  <file path="/home/bhavS/Blinkist App/blinkist-app/src/components/molecules/Banner/Banner.test.tsx">
    <testCase name="Molecules/Banner renders Banner component" duration="256"/>
  </file>
  <file path="/home/bhavS/Blinkist App/blinkist-app/src/components/organisms/Tab/TabPanel.test.tsx">
    <testCase name="Tab panel tests Render two tabs and call changeHandler" duration="183"/>
  </file>
  <file path="/home/bhavS/Blinkist App/blinkist-app/src/components/organisms/Header/Header.test.tsx">
    <testCase name="Header tests Render header" duration="856"/>
  </file>
  <file path="/home/bhavS/Blinkist App/blinkist-app/src/App.test.tsx">
    <testCase name="renders main App" duration="529"/>
  </file>
  <file path="/home/bhavS/Blinkist App/blinkist-app/src/components/organisms/Card/Card.test.tsx">
    <testCase name="Organisms/Card check image" duration="34"/>
    <testCase name="Organisms/Card check timeToRead" duration="33"/>
    <testCase name="Organisms/Card check addtolibrarybutton" duration="22"/>
  </file>
  <file path="/home/bhavS/Blinkist App/blinkist-app/src/components/atoms/Input/Input.test.tsx">
    <testCase name="Atoms renders input field" duration="144"/>
  </file>
  <file path="/home/bhavS/Blinkist App/blinkist-app/src/components/organisms/Footer/Footer.test.tsx">
    <testCase name="Organisms/Footer render component" duration="233"/>
  </file>
  <file path="/home/bhavS/Blinkist App/blinkist-app/src/components/molecules/NoOfReads/NoOfReads.test.tsx">
    <testCase name="Molecules/NoOfReads render component" duration="59"/>
  </file>
  <file path="/home/bhavS/Blinkist App/blinkist-app/src/components/molecules/SearchBar/SearchBar.test.tsx">
    <testCase name="Molecules/SearchBar render component" duration="124"/>
  </file>
  <file path="/home/bhavS/Blinkist App/blinkist-app/src/components/atoms/Typography/Typography.test.tsx">
    <testCase name="Renders typography" duration="89"/>
  </file>
  <file path="/home/bhavS/Blinkist App/blinkist-app/src/components/atoms/Icons/Icons.test.tsx">
    <testCase name="renders Icon" duration="25"/>
  </file>
  <file path="/home/bhavS/Blinkist App/blinkist-app/src/components/atoms/Logo/Logo.test.tsx">
    <testCase name="Renders logo" duration="25"/>
  </file>
  <file path="/home/bhavS/Blinkist App/blinkist-app/src/components/atoms/Images/Image.test.tsx">
    <testCase name="renders Image" duration="21"/>
  </file>
  <file path="/home/bhavS/Blinkist App/blinkist-app/src/components/atoms/ProgressBar/ProgressBar.test.tsx">
    <testCase name="renders progress bar" duration="36"/>
  </file>
  <file path="/home/bhavS/Blinkist App/blinkist-app/src/components/atoms/Avatar/Avatar.test.tsx">
    <testCase name="renders Avatar" duration="22"/>
  </file>
</testExecutions>